#
# There is insufficient memory for the Java Runtime Environment to continue.
# Native memory allocation (mmap) failed to map 125829120 bytes. Error detail: G1 virtual space
# Possible reasons:
#   The system is out of physical RAM or swap space
#   This process is running with CompressedOops enabled, and the Java Heap may be blocking the growth of the native heap
# Possible solutions:
#   Reduce memory load on the system
#   Increase physical memory or swap space
#   Check if swap backing store is full
#   Decrease Java heap size (-Xmx/-Xms)
#   Decrease number of Java threads
#   Decrease Java thread stack sizes (-Xss)
#   Set larger code cache with -XX:ReservedCodeCacheSize=
#   JVM is running with Unscaled Compressed Oops mode in which the Java heap is
#     placed in the first 4GB address space. The Java Heap base address is the
#     maximum limit for the native heap growth. Please use -XX:HeapBaseMinAddress
#     to set the Java Heap base and to place the Java Heap above 4GB virtual address.
# This output file may be truncated or incomplete.
#
#  Out of Memory Error (os_windows.cpp:3925), pid=6912, tid=2148
#
# JRE version:  (21.0.8+1) (build )
# Java VM: OpenJDK 64-Bit Server VM (21.0.8+1-b1038.72, mixed mode, sharing, tiered, compressed oops, compressed class ptrs, g1 gc, windows-amd64)
# No core dump will be written. Minidumps are not enabled by default on client versions of Windows
#

---------------  S U M M A R Y ------------

Command Line: git4idea.http.GitAskPassApp Username for 'https:

Host: Intel(R) Core(TM) i3-6100U CPU @ 2.30GHz, 4 cores, 7G,  Windows 10 , 64 bit Build 19041 (10.0.19041.5915)
Time: Thu Nov 13 01:53:33 2025 Paris, Madrid elapsed time: 0.028683 seconds (0d 0h 0m 0s)

---------------  T H R E A D  ---------------

Current thread (0x0000023c96ae32f0):  JavaThread "Unknown thread" [_thread_in_vm, id=2148, stack(0x000000db45b00000,0x000000db45c00000) (1024K)]

Stack: [0x000000db45b00000,0x000000db45c00000]
Native frames: (J=compiled Java code, j=interpreted, Vv=VM code, C=native code)
V  [jvm.dll+0x6ebeb9]
V  [jvm.dll+0x8cbec3]
V  [jvm.dll+0x8ce47e]
V  [jvm.dll+0x8ceb63]
V  [jvm.dll+0x28adf6]
V  [jvm.dll+0x6e8695]
V  [jvm.dll+0x6dbeea]
V  [jvm.dll+0x36689b]
V  [jvm.dll+0x36e466]
V  [jvm.dll+0x3c08c6]
V  [jvm.dll+0x3c0b98]
V  [jvm.dll+0x3390cc]
V  [jvm.dll+0x339dbb]
V  [jvm.dll+0x893349]
V  [jvm.dll+0x3cda98]
V  [jvm.dll+0x87c368]
V  [jvm.dll+0x46283e]
V  [jvm.dll+0x464521]
C  [jli.dll+0x52ab]
C  [ucrtbase.dll+0x21bb2]
C  [KERNEL32.DLL+0x17374]
C  [ntdll.dll+0x4cc91]


---------------  P R O C E S S  ---------------

Threads class SMR info:
_java_thread_list=0x00007ffa813832c8, length=0, elements={
}

Java Threads: ( => current thread )
Total: 0

Other Threads:
  0x0000023c96b32810 WorkerThread "GC Thread#0"                     [id=14296, stack(0x000000db45c00000,0x000000db45d00000) (1024K)]
  0x0000023c96b427e0 ConcurrentGCThread "G1 Main Marker"            [id=7792, stack(0x000000db45d00000,0x000000db45e00000) (1024K)]
  0x0000023c96b43a80 WorkerThread "G1 Conc#0"                       [id=8548, stack(0x000000db45e00000,0x000000db45f00000) (1024K)]

[error occurred during error reporting (printing all threads), id 0xc0000005, EXCEPTION_ACCESS_VIOLATION (0xc0000005) at pc=0x00007ffa80a6c0b7]
VM state: not at safepoint (not fully initialized)

VM Mutex/Monitor currently owned by a thread:  ([mutex/lock_event])
[0x00007ffa813f7d58] Heap_lock - owner thread: 0x0000023c96ae32f0

Heap address: 0x0000000088e00000, size: 1906 MB, Compressed Oops mode: 32-bit

CDS archive(s) mapped at: [0x0000000000000000-0x0000000000000000-0x0000000000000000), size 0, SharedBaseAddress: 0x0000000800000000, ArchiveRelocationMode: 1.
Narrow klass base: 0x0000000000000000, Narrow klass shift: 0, Narrow klass range: 0x0

GC Precious Log:
 CardTable entry size: 512
 Card Set container configuration: InlinePtr #cards 5 size 8 Array Of Cards #cards 12 size 40 Howl #buckets 4 coarsen threshold 1843 Howl Bitmap #cards 512 size 80 coarsen threshold 460 Card regions per heap region 1 cards per card region 2048

Heap:
 garbage-first heap   total 0K, used 0K [0x0000000088e00000, 0x0000000100000000)
  region size 1024K, 0 young (0K), 0 survivors (0K)
 Metaspace       used 0K, committed 0K, reserved 0K
  class space    used 0K, committed 0K, reserved 0K

Heap Regions: E=young(eden), S=young(survivor), O=old, HS=humongous(starts), HC=humongous(continues), CS=collection set, F=free, TAMS=top-at-mark-start, PB=parsable bottom

Card table byte_map: [0x0000023ca9ef0000,0x0000023caa2b0000] _byte_map_base: 0x0000023ca9aa9000

Marking Bits: (CMBitMap*) 0x0000023c96b32f10
 Bits: [0x0000023caa2b0000, 0x0000023cac078000)

GC Heap History (0 events):
No events

Dll operation events (1 events):
Event: 0.016 Loaded shared library C:\Program Files\JetBrains\IntelliJ IDEA 2025.2.3\jbr\bin\java.dll

Deoptimization events (0 events):
No events

Classes loaded (0 events):
No events

Classes unloaded (0 events):
No events

Classes redefined (0 events):
No events

Internal exceptions (0 events):
No events

ZGC Phase Switch (0 events):
No events

VM Operations (0 events):
No events

Memory protections (0 events):
No events

Nmethod flushes (0 events):
No events

Events (0 events):
No events


Dynamic libraries:
0x00007ff783550000 - 0x00007ff78355a000 	C:\Program Files\JetBrains\IntelliJ IDEA 2025.2.3\jbr\bin\java.exe
0x00007ffb30d30000 - 0x00007ffb30f28000 	C:\WINDOWS\SYSTEM32\ntdll.dll
0x00007ffb30c20000 - 0x00007ffb30ce2000 	C:\WINDOWS\System32\KERNEL32.DLL
0x00007ffb2e410000 - 0x00007ffb2e706000 	C:\WINDOWS\System32\KERNELBASE.dll
0x00007ffb2e710000 - 0x00007ffb2e810000 	C:\WINDOWS\System32\ucrtbase.dll
0x00007ffb29250000 - 0x00007ffb2926b000 	C:\Program Files\JetBrains\IntelliJ IDEA 2025.2.3\jbr\bin\VCRUNTIME140.dll
0x00007ffb1c680000 - 0x00007ffb1c698000 	C:\Program Files\JetBrains\IntelliJ IDEA 2025.2.3\jbr\bin\jli.dll
0x00007ffb30840000 - 0x00007ffb309e1000 	C:\WINDOWS\System32\USER32.dll
0x00007ffb2ec70000 - 0x00007ffb2ec92000 	C:\WINDOWS\System32\win32u.dll
0x00007ffb1bf20000 - 0x00007ffb1c1bb000 	C:\WINDOWS\WinSxS\amd64_microsoft.windows.common-controls_6595b64144ccf1df_6.0.19041.6456_none_60b8a6cb71f64256\COMCTL32.dll
0x00007ffb2ef30000 - 0x00007ffb2ef5b000 	C:\WINDOWS\System32\GDI32.dll
0x00007ffb2ee90000 - 0x00007ffb2ef2e000 	C:\WINDOWS\System32\msvcrt.dll
0x00007ffb2e9f0000 - 0x00007ffb2eb09000 	C:\WINDOWS\System32\gdi32full.dll
0x00007ffb2e810000 - 0x00007ffb2e8ad000 	C:\WINDOWS\System32\msvcp_win.dll
0x00007ffb2f5e0000 - 0x00007ffb2f60f000 	C:\WINDOWS\System32\IMM32.DLL
0x00007ffb28a40000 - 0x00007ffb28a4c000 	C:\Program Files\JetBrains\IntelliJ IDEA 2025.2.3\jbr\bin\vcruntime140_1.dll
0x00007ffb080c0000 - 0x00007ffb0814d000 	C:\Program Files\JetBrains\IntelliJ IDEA 2025.2.3\jbr\bin\msvcp140.dll
0x00007ffa80720000 - 0x00007ffa814eb000 	C:\Program Files\JetBrains\IntelliJ IDEA 2025.2.3\jbr\bin\server\jvm.dll
0x00007ffb30a90000 - 0x00007ffb30b41000 	C:\WINDOWS\System32\ADVAPI32.dll
0x00007ffb309f0000 - 0x00007ffb30a8f000 	C:\WINDOWS\System32\sechost.dll
0x00007ffb2fe40000 - 0x00007ffb2ff60000 	C:\WINDOWS\System32\RPCRT4.dll
0x00007ffb2ed20000 - 0x00007ffb2ed47000 	C:\WINDOWS\System32\bcrypt.dll
0x00007ffb30080000 - 0x00007ffb300eb000 	C:\WINDOWS\System32\WS2_32.dll
0x00007ffb2e220000 - 0x00007ffb2e26b000 	C:\WINDOWS\SYSTEM32\POWRPROF.dll
0x00007ffb1a850000 - 0x00007ffb1a877000 	C:\WINDOWS\SYSTEM32\WINMM.dll
0x00007ffb1d9a0000 - 0x00007ffb1d9aa000 	C:\WINDOWS\SYSTEM32\VERSION.dll
0x00007ffb2e200000 - 0x00007ffb2e212000 	C:\WINDOWS\SYSTEM32\UMPDC.dll
0x00007ffb2c230000 - 0x00007ffb2c242000 	C:\WINDOWS\SYSTEM32\kernel.appcore.dll
0x00007ffb28940000 - 0x00007ffb2894a000 	C:\Program Files\JetBrains\IntelliJ IDEA 2025.2.3\jbr\bin\jimage.dll
0x00007ffb1a5e0000 - 0x00007ffb1a7e1000 	C:\WINDOWS\SYSTEM32\DBGHELP.DLL
0x00007ffb1a430000 - 0x00007ffb1a464000 	C:\WINDOWS\SYSTEM32\dbgcore.DLL
0x00007ffb2e960000 - 0x00007ffb2e9e2000 	C:\WINDOWS\System32\bcryptPrimitives.dll
0x00007ffb26b90000 - 0x00007ffb26bb0000 	C:\Program Files\JetBrains\IntelliJ IDEA 2025.2.3\jbr\bin\java.dll

JVMTI agents: none

dbghelp: loaded successfully - version: 4.0.5 - missing functions: none
symbol engine: initialized successfully - sym options: 0x614 - pdb path: .;C:\Program Files\JetBrains\IntelliJ IDEA 2025.2.3\jbr\bin;C:\WINDOWS\SYSTEM32;C:\WINDOWS\WinSxS\amd64_microsoft.windows.common-controls_6595b64144ccf1df_6.0.19041.6456_none_60b8a6cb71f64256;C:\Program Files\JetBrains\IntelliJ IDEA 2025.2.3\jbr\bin\server

VM Arguments:
java_command: git4idea.http.GitAskPassApp Username for 'https:
java_class_path (initial): C:/Program Files/JetBrains/IntelliJ IDEA 2025.2.3/plugins/vcs-git/lib/git4idea-rt.jar;C:/Program Files/JetBrains/IntelliJ IDEA 2025.2.3/lib/externalProcess-rt.jar
Launcher Type: SUN_STANDARD

[Global flags]
     intx CICompilerCount                          = 3                                         {product} {ergonomic}
     uint ConcGCThreads                            = 1                                         {product} {ergonomic}
     uint G1ConcRefinementThreads                  = 4                                         {product} {ergonomic}
   size_t G1HeapRegionSize                         = 1048576                                   {product} {ergonomic}
    uintx GCDrainStackTargetSize                   = 64                                        {product} {ergonomic}
   size_t InitialHeapSize                          = 125829120                                 {product} {ergonomic}
   size_t MarkStackSize                            = 4194304                                   {product} {ergonomic}
   size_t MaxHeapSize                              = 1998585856                                {product} {ergonomic}
   size_t MinHeapDeltaBytes                        = 1048576                                   {product} {ergonomic}
   size_t MinHeapSize                              = 8388608                                   {product} {ergonomic}
    uintx NonNMethodCodeHeapSize                   = 5832780                                {pd product} {ergonomic}
    uintx NonProfiledCodeHeapSize                  = 122912730                              {pd product} {ergonomic}
    uintx ProfiledCodeHeapSize                     = 122912730                              {pd product} {ergonomic}
    uintx ReservedCodeCacheSize                    = 251658240                              {pd product} {ergonomic}
     bool SegmentedCodeCache                       = true                                      {product} {ergonomic}
   size_t SoftMaxHeapSize                          = 1998585856                             {manageable} {ergonomic}
     bool UseCompressedOops                        = true                           {product lp64_product} {ergonomic}
     bool UseG1GC                                  = true                                      {product} {ergonomic}
     bool UseLargePagesIndividualAllocation        = false                                  {pd product} {ergonomic}

Logging:
Log output configuration:
 #0: stdout all=warning uptime,level,tags foldmultilines=false
 #1: stderr all=off uptime,level,tags foldmultilines=false

Environment Variables:
PATH=C:/Program Files/Git/mingw64/libexec/git-core;C:/Program Files/Git/mingw64/libexec/git-core;C:\Program Files\Git\mingw64\bin;C:\Program Files\Git\usr\bin;C:\Users\Rehab\bin;C:\Program Files\Common Files\Oracle\Java\javapath;C:\WINDOWS\system32;C:\WINDOWS;C:\WINDOWS\System32\Wbem;C:\WINDOWS\System32\WindowsPowerShell\v1.0\;C:\WINDOWS\System32\OpenSSH\;C:\Program Files\Microsoft SQL Server\150\Tools\Binn\;C:\Program Files\Microsoft SQL Server\Client SDK\ODBC\170\Tools\Binn\;C:\Program Files\dotnet\;C:\Program Files\Git\cmd;C:\Users\Rehab\AppData\Local\Programs\Python\Python314\Scripts\;C:\Users\Rehab\AppData\Local\Programs\Python\Python314\;C:\Users\Rehab\AppData\Local\Programs\Python\Launcher\;C:\Users\Rehab\AppData\Local\Microsoft\WindowsApps;C:\Users\Rehab\AppData\Local\Programs\Microsoft VS Code\bin;C:\Users\Rehab\.dotnet\tools
USERNAME=Rehab
DISPLAY=:0.0
LC_ALL=en_US.UTF-8
TERM=xterm-256color
TMPDIR=C:\Users\Rehab\AppData\Local\Temp
OS=Windows_NT
PROCESSOR_IDENTIFIER=Intel64 Family 6 Model 78 Stepping 3, GenuineIntel
TMP=C:\Users\Rehab\AppData\Local\Temp
TEMP=C:\Users\Rehab\AppData\Local\Temp




Periodic native trim disabled

JNI global refs:
JNI global refs: 0, weak refs: 0

JNI global refs memory usage: 0, weak refs: 0

Process memory usage:
Resident Set Size: 10744K (0% of 7802192K total physical memory with 851912K free physical memory)

OOME stack traces (most recent first):
Classloader memory used:

---------------  S Y S T E M  ---------------

OS:
 Windows 10 , 64 bit Build 19041 (10.0.19041.5915)
OS uptime: 0 days 6:36 hours

CPU: total 4 (initial active 4) (2 cores per cpu, 2 threads per core) family 6 model 78 stepping 3 microcode 0xcc, cx8, cmov, fxsr, ht, mmx, 3dnowpref, sse, sse2, sse3, ssse3, sse4.1, sse4.2, popcnt, lzcnt, tsc, tscinvbit, avx, avx2, aes, erms, clmul, bmi1, bmi2, rtm, adx, fma, vzeroupper, clflush, clflushopt, rdtscp, f16c
Processor Information for processor 0
  Max Mhz: 2301, Current Mhz: 2100, Mhz Limit: 2301
Processor Information for processor 1
  Max Mhz: 2301, Current Mhz: 1500, Mhz Limit: 2301
Processor Information for processor 2
  Max Mhz: 2301, Current Mhz: 1500, Mhz Limit: 2301
Processor Information for processor 3
  Max Mhz: 2301, Current Mhz: 1500, Mhz Limit: 2301

Memory: 4k page, system-wide physical 7619M (831M free)
TotalPageFile size 8816M (AvailPageFile size 68M)
current process WorkingSet (physical memory assigned to process): 10M, peak: 10M
current process commit charge ("private bytes"): 51M, peak: 171M

vm_info: OpenJDK 64-Bit Server VM (21.0.8+1-b1038.72) for windows-amd64 JRE (21.0.8+1-b1038.72), built on 2025-09-08 by "builduser" with MS VC++ 16.10 / 16.11 (VS2019)

END.
